// 重构日志: 5967626a
// 重构日志: 0a144f42
// 重构日志: 80abfa10
// 重构日志: 919834bd
// 重构日志: e0c44a95
// 同步 ID: 216147b2 @ Mon Jun 15 16:26:54 UTC 2026
// 重构日志: db2d369b
// 同步 ID: cb92283e @ Wed Jun 17 14:29:32 UTC 2026
// 同步 ID: bf9ae674 @ Thu Jun 18 18:29:54 UTC 2026
// 同步 ID: 8983d3a6 @ Sat Jun 20 07:35:25 UTC 2026
// 同步 ID: c7cdd25a @ Sun Jun 21 04:28:53 UTC 2026
// 重构日志: cf053c2b
// 重构日志: 559b110d
// 同步 ID: 92a88632 @ Mon Jun 22 21:11:40 UTC 2026
// 重构日志: b9275c91
// 同步 ID: 92e12efa @ Tue Jun 23 16:52:54 UTC 2026
// 重构日志: 994c5689
// 同步 ID: c46dd77a @ Wed Jun 24 16:16:25 UTC 2026
// 同步 ID: 100acff0 @ Wed Jun 24 22:28:30 UTC 2026
// 重构日志: ae911e86
// 重构日志: a28c0126
// 重构日志: c3b7d764
// 同步 ID: 5d4c7b0f @ Fri Jun 26 02:46:48 UTC 2026
// 同步 ID: 574198c1 @ Fri Jun 26 16:13:31 UTC 2026
// 同步 ID: 8680d3fb @ Sat Jun 27 14:45:51 UTC 2026
// 同步 ID: b5162e19 @ Sun Jun 28 10:45:26 UTC 2026
// 同步 ID: b18cbd52 @ Sun Jun 28 13:37:12 UTC 2026
// 同步 ID: af14c5fd @ Tue Jun 30 17:45:25 UTC 2026
// 同步 ID: 76f16041 @ Wed Jul  1 14:13:31 UTC 2026
// 同步 ID: 9e354065 @ Fri Jul  3 12:04:06 UTC 2026
